[35m[Appium][39m Welcome to Appium v1.22.3
[35m[Appium][39m Non-default server args:
[35m[Appium][39m   port: 65403
[35m[Appium][39m   loglevel: info
[35m[Appium][39m   tmpDir: /var/folders/0l/hp0k7b1d2qj4gzv5klwd4xk40000gn/T//Katalon/Appium/Temp1682412682681
[35m[Appium][39m   chromedriverPort: 65404
[35m[Appium][39m Deprecated server args:
[35m[Appium][39m   [31m--chromedriver-port[39m => --default-capabilities
[35m[Appium][39m Default capabilities, which will be added to each request unless overridden by desired capabilities:
[35m[Appium][39m   chromedriverPort: 65404
[35m[Appium][39m Appium REST http interface listener started on 0.0.0.0:65403
[35m[HTTP][39m [37m-->[39m [37mGET[39m [37m/wd/hub/status[39m
[35m[HTTP][39m [90m{}[39m
[35m[HTTP][39m [37m<-- GET /wd/hub/status [39m[32m200[39m [90m2 ms - 68[39m
[35m[HTTP][39m [90m[39m
[35m[HTTP][39m [37m-->[39m [37mGET[39m [37m/wd/hub/status[39m
[35m[HTTP][39m [90m{}[39m
[35m[HTTP][39m [37m<-- GET /wd/hub/status [39m[32m200[39m [90m0 ms - 68[39m
[35m[HTTP][39m [90m[39m
[35m[HTTP][39m [37m-->[39m [37mPOST[39m [37m/wd/hub/session[39m
[35m[HTTP][39m [90m{"desiredCapabilities":{"app":"/Users/it-gaadmin/Downloads/24eea317-bdd8-4df1-9be5-8912a59ae391.apk","noReset":true,"deviceName":"realme RMX2030 (Android 10)","fullReset":false,"platform":"ANDROID","newCommandTimeout":1800,"platformVersion":"10","automationName":"uiautomator2","autoGrantPermissions":true,"platformName":"Android","udid":"3d88f8eb","systemPort":65412},"capabilities":{"firstMatch":[{"appium:app":"/Users/it-gaadmin/Downloads/24eea317-bdd8-4df1-9be5-8912a59ae391.apk","appium:autoGrantPermissions":true,"appium:automationName":"uiautomator2","appium:deviceName":"realme RMX2030 (Android 10)","appium:fullReset":false,"appium:newCommandTimeout":1800,"appium:noReset":true,"platform":"ANDROID","platformName":"android","appium:platformVersion":"10","appium:systemPort":65412,"appium:udid":"3d88f8eb"}]}}[39m
[35m[BaseDriver][39m The following capabilities are not standard capabilities and should have an extension prefix:
[35m[BaseDriver][39m   platform
[35m[BaseDriver][39m   chromedriverPort
[35m[Appium][39m Appium v1.22.3 creating new AndroidUiautomator2Driver (v1.70.1) session
[35m[BaseDriver][39m The following capabilities were provided, but are not recognized by Appium:
[35m[BaseDriver][39m   platform
[35m[BaseDriver][39m Session created with session id: 9d58a7df-92f9-4e94-b81f-2ba2f27c6a3b
[35m[BaseDriver][39m Using local app '/Users/it-gaadmin/Downloads/24eea317-bdd8-4df1-9be5-8912a59ae391.apk'
[35m[ADB][39m Found 1 'build-tools' folders under '/Users/it-gaadmin/.katalon/tools/android_sdk' (newest first):
[35m[ADB][39m     /Users/it-gaadmin/.katalon/tools/android_sdk/build-tools/29.0.3
[35m[ADB][39m Using 'adb' from '/Users/it-gaadmin/.katalon/tools/android_sdk/platform-tools/adb'
[35m[AndroidDriver][39m Retrieving device list
[35m[AndroidDriver][39m Using device: 3d88f8eb
[35m[ADB][39m Using 'adb' from '/Users/it-gaadmin/.katalon/tools/android_sdk/platform-tools/adb'
[35m[ADB][39m Getting device platform version
[35m[UiAutomator2][39m Relaxing hidden api policy
[35m[ADB][39m Package name: 'com.itmi.eprescription.stagTwo'
[35m[ADB][39m Main activity name: 'com.itmi.eprescription.MainActivity'
[35m[ADB][39m Using 'apksigner.jar' from '/Users/it-gaadmin/.katalon/tools/android_sdk/build-tools/29.0.3/lib/apksigner.jar'
[35m[ADB][39m '/Users/it-gaadmin/node_modules/appium/node_modules/appium-uiautomator2-server/apks/appium-uiautomator2-server-v4.27.0.apk' is signed with the default certificate
[35m[ADB][39m '/Users/it-gaadmin/node_modules/appium/node_modules/appium-uiautomator2-server/apks/appium-uiautomator2-server-debug-androidTest.apk' is signed with the default certificate
[35m[UiAutomator2][39m Server packages are not going to be (re)installed
[35m[ADB][39m Adding packages ["io.appium.settings","io.appium.uiautomator2.server","io.appium.uiautomator2.server.test"] to Doze whitelist
[35m[ADB][39m '/Users/it-gaadmin/Downloads/24eea317-bdd8-4df1-9be5-8912a59ae391.apk' is signed with a non-default certificate
[35m[ADB][39m The application at '/Users/it-gaadmin/Downloads/24eea317-bdd8-4df1-9be5-8912a59ae391.apk' will not be cached, because the device under test has confirmed the support of streamed installs
[35m[ADB][39m The installation of '24eea317-bdd8-4df1-9be5-8912a59ae391.apk' took 10524ms
[35m[UiAutomator2][39m Starting UIAutomator2 server 4.27.0
[35m[UiAutomator2][39m Using UIAutomator2 server from '/Users/it-gaadmin/node_modules/appium/node_modules/appium-uiautomator2-server/apks/appium-uiautomator2-server-v4.27.0.apk' and test from '/Users/it-gaadmin/node_modules/appium/node_modules/appium-uiautomator2-server/apks/appium-uiautomator2-server-debug-androidTest.apk'
[35m[UiAutomator2][39m Waiting up to 30000ms for UiAutomator2 to be online...
[35m[WD Proxy][39m socket hang up
[35m[WD Proxy][39m socket hang up
[35m[WD Proxy][39m socket hang up
[35m[WD Proxy][39m socket hang up
[35m[WD Proxy][39m socket hang up
[35m[WD Proxy][39m Determined the downstream protocol as 'W3C'
[35m[AndroidDriver][39m Screen already unlocked, doing nothing
[35m[UiAutomator2][39m Starting 'com.itmi.eprescription.stagTwo/com.itmi.eprescription.MainActivity and waiting for 'com.itmi.eprescription.stagTwo/com.itmi.eprescription.MainActivity'
[35m[Appium][39m New AndroidUiautomator2Driver session created successfully, session 9d58a7df-92f9-4e94-b81f-2ba2f27c6a3b added to master session list
[35m[HTTP][39m [37m<-- POST /wd/hub/session [39m[32m200[39m [90m22903 ms - 1280[39m
[35m[HTTP][39m [90m[39m
[35m[HTTP][39m [37m-->[39m [37mGET[39m [37m/wd/hub/session/9d58a7df-92f9-4e94-b81f-2ba2f27c6a3b[39m
[35m[HTTP][39m [90m{}[39m
[35m[HTTP][39m [37m<-- GET /wd/hub/session/9d58a7df-92f9-4e94-b81f-2ba2f27c6a3b [39m[32m200[39m [90m12 ms - 1234[39m
[35m[HTTP][39m [90m[39m
[35m[HTTP][39m [37m-->[39m [37mGET[39m [37m/wd/hub/session/9d58a7df-92f9-4e94-b81f-2ba2f27c6a3b[39m
[35m[HTTP][39m [90m{}[39m
[35m[HTTP][39m [37m<-- GET /wd/hub/session/9d58a7df-92f9-4e94-b81f-2ba2f27c6a3b [39m[32m200[39m [90m12 ms - 1234[39m
[35m[HTTP][39m [90m[39m
[35m[HTTP][39m [37m-->[39m [37mGET[39m [37m/wd/hub/status[39m
[35m[HTTP][39m [90m{}[39m
[35m[HTTP][39m [37m<-- GET /wd/hub/status [39m[32m200[39m [90m0 ms - 68[39m
[35m[HTTP][39m [90m[39m
[35m[HTTP][39m [37m-->[39m [37mPOST[39m [37m/wd/hub/session/9d58a7df-92f9-4e94-b81f-2ba2f27c6a3b/timeouts[39m
[35m[HTTP][39m [90m{"implicit":60000}[39m
[35m[HTTP][39m [37m<-- POST /wd/hub/session/9d58a7df-92f9-4e94-b81f-2ba2f27c6a3b/timeouts [39m[32m200[39m [90m1 ms - 14[39m
[35m[HTTP][39m [90m[39m
[35m[HTTP][39m [37m-->[39m [37mGET[39m [37m/wd/hub/session/9d58a7df-92f9-4e94-b81f-2ba2f27c6a3b/source[39m
[35m[HTTP][39m [90m{}[39m
[35m[W3C (9d58a7df)][39m Driver proxy active, passing request on via HTTP proxy
[35m[WD Proxy][39m Replacing sessionId 3ac6eece-6c50-4dc0-8b87-8234c53ce007 with 9d58a7df-92f9-4e94-b81f-2ba2f27c6a3b
[35m[HTTP][39m [37m<-- GET /wd/hub/session/9d58a7df-92f9-4e94-b81f-2ba2f27c6a3b/source [39m[32m200[39m [90m1320 ms - 2877[39m
[35m[HTTP][39m [90m[39m
[35m[HTTP][39m [37m-->[39m [37mGET[39m [37m/wd/hub/session/9d58a7df-92f9-4e94-b81f-2ba2f27c6a3b/screenshot[39m
[35m[HTTP][39m [90m{}[39m
[35m[HTTP][39m [37m<-- GET /wd/hub/session/9d58a7df-92f9-4e94-b81f-2ba2f27c6a3b/screenshot [39m[32m200[39m [90m661 ms - 81392[39m
[35m[HTTP][39m [90m[39m
[35m[HTTP][39m [37m-->[39m [37mGET[39m [37m/wd/hub/session/9d58a7df-92f9-4e94-b81f-2ba2f27c6a3b/contexts[39m
[35m[HTTP][39m [90m{}[39m
[35m[HTTP][39m [37m<-- GET /wd/hub/session/9d58a7df-92f9-4e94-b81f-2ba2f27c6a3b/contexts [39m[32m200[39m [90m72 ms - 24[39m
[35m[HTTP][39m [90m[39m
[35m[HTTP][39m [37m-->[39m [37mPOST[39m [37m/wd/hub/session/9d58a7df-92f9-4e94-b81f-2ba2f27c6a3b/context[39m
[35m[HTTP][39m [90m{"name":"NATIVE_APP"}[39m
[35m[HTTP][39m [37m<-- POST /wd/hub/session/9d58a7df-92f9-4e94-b81f-2ba2f27c6a3b/context [39m[32m200[39m [90m2 ms - 14[39m
[35m[HTTP][39m [90m[39m
[35m[HTTP][39m [37m-->[39m [37mGET[39m [37m/wd/hub/session/9d58a7df-92f9-4e94-b81f-2ba2f27c6a3b/source[39m
[35m[HTTP][39m [90m{}[39m
[35m[W3C (9d58a7df)][39m Driver proxy active, passing request on via HTTP proxy
[35m[WD Proxy][39m Replacing sessionId 3ac6eece-6c50-4dc0-8b87-8234c53ce007 with 9d58a7df-92f9-4e94-b81f-2ba2f27c6a3b
[35m[HTTP][39m [37m<-- GET /wd/hub/session/9d58a7df-92f9-4e94-b81f-2ba2f27c6a3b/source [39m[32m200[39m [90m206 ms - 13548[39m
[35m[HTTP][39m [90m[39m
[35m[HTTP][39m [37m-->[39m [37mGET[39m [37m/wd/hub/session/9d58a7df-92f9-4e94-b81f-2ba2f27c6a3b/screenshot[39m
[35m[HTTP][39m [90m{}[39m
[35m[HTTP][39m [37m<-- GET /wd/hub/session/9d58a7df-92f9-4e94-b81f-2ba2f27c6a3b/screenshot [39m[32m200[39m [90m584 ms - 211200[39m
[35m[HTTP][39m [90m[39m
[35m[HTTP][39m [37m-->[39m [37mPOST[39m [37m/wd/hub/session/9d58a7df-92f9-4e94-b81f-2ba2f27c6a3b/elements[39m
[35m[HTTP][39m [90m{"using":"xpath","value":"//*[@class = 'android.view.ViewGroup' and (@text = '' or . = '')]"}[39m
[35m[HTTP][39m [37m<-- POST /wd/hub/session/9d58a7df-92f9-4e94-b81f-2ba2f27c6a3b/elements [39m[32m200[39m [90m492 ms - 2059[39m
[35m[HTTP][39m [90m[39m
[35m[HTTP][39m [37m-->[39m [37mPOST[39m [37m/wd/hub/session/9d58a7df-92f9-4e94-b81f-2ba2f27c6a3b/elements[39m
[35m[HTTP][39m [90m{"using":"accessibility id","value":"GoToLoginScreen"}[39m
[35m[HTTP][39m [37m<-- POST /wd/hub/session/9d58a7df-92f9-4e94-b81f-2ba2f27c6a3b/elements [39m[32m200[39m [90m51 ms - 139[39m
[35m[HTTP][39m [90m[39m
[35m[HTTP][39m [37m-->[39m [37mGET[39m [37m/wd/hub/session/9d58a7df-92f9-4e94-b81f-2ba2f27c6a3b/window/rect[39m
[35m[HTTP][39m [90m{}[39m
[35m[HTTP][39m [37m<-- GET /wd/hub/session/9d58a7df-92f9-4e94-b81f-2ba2f27c6a3b/window/rect [39m[32m200[39m [90m17 ms - 49[39m
[35m[HTTP][39m [90m[39m
[35m[HTTP][39m [37m-->[39m [37mPOST[39m [37m/wd/hub/session/9d58a7df-92f9-4e94-b81f-2ba2f27c6a3b/elements[39m
[35m[HTTP][39m [90m{"using":"accessibility id","value":"GoToLoginScreen"}[39m
[35m[HTTP][39m [37m<-- POST /wd/hub/session/9d58a7df-92f9-4e94-b81f-2ba2f27c6a3b/elements [39m[32m200[39m [90m77 ms - 139[39m
[35m[HTTP][39m [90m[39m
[35m[HTTP][39m [37m-->[39m [37mGET[39m [37m/wd/hub/session/9d58a7df-92f9-4e94-b81f-2ba2f27c6a3b/element/00000000-0000-01cf-ffff-ffff00000031/location[39m
[35m[HTTP][39m [90m{}[39m
[35m[W3C (9d58a7df)][39m Driver proxy active, passing request on via HTTP proxy
[35m[WD Proxy][39m Replacing sessionId 3ac6eece-6c50-4dc0-8b87-8234c53ce007 with 9d58a7df-92f9-4e94-b81f-2ba2f27c6a3b
[35m[HTTP][39m [37m<-- GET /wd/hub/session/9d58a7df-92f9-4e94-b81f-2ba2f27c6a3b/element/00000000-0000-01cf-ffff-ffff00000031/location [39m[32m200[39m [90m59 ms - 78[39m
[35m[HTTP][39m [90m[39m
[35m[HTTP][39m [37m-->[39m [37mPOST[39m [37m/wd/hub/session/9d58a7df-92f9-4e94-b81f-2ba2f27c6a3b/element/00000000-0000-01cf-ffff-ffff00000031/click[39m
[35m[HTTP][39m [90m{"id":"00000000-0000-01cf-ffff-ffff00000031"}[39m
[35m[HTTP][39m [37m<-- POST /wd/hub/session/9d58a7df-92f9-4e94-b81f-2ba2f27c6a3b/element/00000000-0000-01cf-ffff-ffff00000031/click [39m[32m200[39m [90m119 ms - 14[39m
[35m[HTTP][39m [90m[39m
[35m[HTTP][39m [37m-->[39m [37mGET[39m [37m/wd/hub/session/9d58a7df-92f9-4e94-b81f-2ba2f27c6a3b/source[39m
[35m[HTTP][39m [90m{}[39m
[35m[W3C (9d58a7df)][39m Driver proxy active, passing request on via HTTP proxy
[35m[WD Proxy][39m Replacing sessionId 3ac6eece-6c50-4dc0-8b87-8234c53ce007 with 9d58a7df-92f9-4e94-b81f-2ba2f27c6a3b
[35m[HTTP][39m [37m<-- GET /wd/hub/session/9d58a7df-92f9-4e94-b81f-2ba2f27c6a3b/source [39m[32m200[39m [90m827 ms - 14626[39m
[35m[HTTP][39m [90m[39m
[35m[HTTP][39m [37m-->[39m [37mGET[39m [37m/wd/hub/session/9d58a7df-92f9-4e94-b81f-2ba2f27c6a3b/screenshot[39m
[35m[HTTP][39m [90m{}[39m
[35m[HTTP][39m [37m<-- GET /wd/hub/session/9d58a7df-92f9-4e94-b81f-2ba2f27c6a3b/screenshot [39m[32m200[39m [90m767 ms - 77812[39m
[35m[HTTP][39m [90m[39m
[35m[HTTP][39m [37m-->[39m [37mPOST[39m [37m/wd/hub/session/9d58a7df-92f9-4e94-b81f-2ba2f27c6a3b/elements[39m
[35m[HTTP][39m [90m{"using":"xpath","value":"//*[@class = 'android.widget.EditText' and (@text = 'ex.822123456789' or . = 'ex.822123456789')]"}[39m
[35m[HTTP][39m [37m<-- POST /wd/hub/session/9d58a7df-92f9-4e94-b81f-2ba2f27c6a3b/elements [39m[32m200[39m [90m226 ms - 139[39m
[35m[HTTP][39m [90m[39m
[35m[HTTP][39m [37m-->[39m [37mGET[39m [37m/wd/hub/session/9d58a7df-92f9-4e94-b81f-2ba2f27c6a3b/window/rect[39m
[35m[HTTP][39m [90m{}[39m
[35m[HTTP][39m [37m<-- GET /wd/hub/session/9d58a7df-92f9-4e94-b81f-2ba2f27c6a3b/window/rect [39m[32m200[39m [90m60 ms - 49[39m
[35m[HTTP][39m [90m[39m
[35m[HTTP][39m [37m-->[39m [37mPOST[39m [37m/wd/hub/session/9d58a7df-92f9-4e94-b81f-2ba2f27c6a3b/elements[39m
[35m[HTTP][39m [90m{"using":"xpath","value":"//*[@class = 'android.widget.EditText' and (@text = 'ex.822123456789' or . = 'ex.822123456789')]"}[39m
[35m[HTTP][39m [37m<-- POST /wd/hub/session/9d58a7df-92f9-4e94-b81f-2ba2f27c6a3b/elements [39m[32m200[39m [90m173 ms - 139[39m
[35m[HTTP][39m [90m[39m
[35m[HTTP][39m [37m-->[39m [37mGET[39m [37m/wd/hub/session/9d58a7df-92f9-4e94-b81f-2ba2f27c6a3b/element/00000000-0000-01cf-ffff-ffff00000052/location[39m
[35m[HTTP][39m [90m{}[39m
[35m[W3C (9d58a7df)][39m Driver proxy active, passing request on via HTTP proxy
[35m[WD Proxy][39m Replacing sessionId 3ac6eece-6c50-4dc0-8b87-8234c53ce007 with 9d58a7df-92f9-4e94-b81f-2ba2f27c6a3b
[35m[HTTP][39m [37m<-- GET /wd/hub/session/9d58a7df-92f9-4e94-b81f-2ba2f27c6a3b/element/00000000-0000-01cf-ffff-ffff00000052/location [39m[32m200[39m [90m40 ms - 78[39m
[35m[HTTP][39m [90m[39m
[35m[HTTP][39m [37m-->[39m [37mPOST[39m [37m/wd/hub/session/9d58a7df-92f9-4e94-b81f-2ba2f27c6a3b/element/00000000-0000-01cf-ffff-ffff00000052/clear[39m
[35m[HTTP][39m [90m{"id":"00000000-0000-01cf-ffff-ffff00000052"}[39m
[35m[HTTP][39m [37m<-- POST /wd/hub/session/9d58a7df-92f9-4e94-b81f-2ba2f27c6a3b/element/00000000-0000-01cf-ffff-ffff00000052/clear [39m[32m200[39m [90m77 ms - 14[39m
[35m[HTTP][39m [90m[39m
[35m[HTTP][39m [37m-->[39m [37mPOST[39m [37m/wd/hub/session/9d58a7df-92f9-4e94-b81f-2ba2f27c6a3b/element/00000000-0000-01cf-ffff-ffff00000052/value[39m
[35m[HTTP][39m [90m{"id":"00000000-0000-01cf-ffff-ffff00000052","text":"081389143707","value":["0","8","1","3","8","9","1","4","3","7","0","7"]}[39m
[35m[HTTP][39m [37m<-- POST /wd/hub/session/9d58a7df-92f9-4e94-b81f-2ba2f27c6a3b/element/00000000-0000-01cf-ffff-ffff00000052/value [39m[32m200[39m [90m585 ms - 14[39m
[35m[HTTP][39m [90m[39m
[35m[HTTP][39m [37m-->[39m [37mGET[39m [37m/wd/hub/session/9d58a7df-92f9-4e94-b81f-2ba2f27c6a3b/source[39m
[35m[HTTP][39m [90m{}[39m
[35m[W3C (9d58a7df)][39m Driver proxy active, passing request on via HTTP proxy
[35m[WD Proxy][39m Replacing sessionId 3ac6eece-6c50-4dc0-8b87-8234c53ce007 with 9d58a7df-92f9-4e94-b81f-2ba2f27c6a3b
[35m[HTTP][39m [37m<-- GET /wd/hub/session/9d58a7df-92f9-4e94-b81f-2ba2f27c6a3b/source [39m[32m200[39m [90m254 ms - 14621[39m
[35m[HTTP][39m [90m[39m
[35m[HTTP][39m [37m-->[39m [37mGET[39m [37m/wd/hub/session/9d58a7df-92f9-4e94-b81f-2ba2f27c6a3b/screenshot[39m
[35m[HTTP][39m [90m{}[39m
[35m[HTTP][39m [37m<-- GET /wd/hub/session/9d58a7df-92f9-4e94-b81f-2ba2f27c6a3b/screenshot [39m[32m200[39m [90m494 ms - 77160[39m
[35m[HTTP][39m [90m[39m
[35m[HTTP][39m [37m-->[39m [37mPOST[39m [37m/wd/hub/session/9d58a7df-92f9-4e94-b81f-2ba2f27c6a3b/elements[39m
[35m[HTTP][39m [90m{"using":"xpath","value":"//*[@class = 'android.view.ViewGroup' and (@text = '' or . = '')]"}[39m
[35m[HTTP][39m [37m<-- POST /wd/hub/session/9d58a7df-92f9-4e94-b81f-2ba2f27c6a3b/elements [39m[32m200[39m [90m214 ms - 2187[39m
[35m[HTTP][39m [90m[39m
[35m[HTTP][39m [37m-->[39m [37mPOST[39m [37m/wd/hub/session/9d58a7df-92f9-4e94-b81f-2ba2f27c6a3b/elements[39m
[35m[HTTP][39m [90m{"using":"accessibility id","value":"LoginNextButton"}[39m
[35m[HTTP][39m [37m<-- POST /wd/hub/session/9d58a7df-92f9-4e94-b81f-2ba2f27c6a3b/elements [39m[32m200[39m [90m71 ms - 139[39m
[35m[HTTP][39m [90m[39m
[35m[HTTP][39m [37m-->[39m [37mGET[39m [37m/wd/hub/session/9d58a7df-92f9-4e94-b81f-2ba2f27c6a3b/window/rect[39m
[35m[HTTP][39m [90m{}[39m
[35m[HTTP][39m [37m<-- GET /wd/hub/session/9d58a7df-92f9-4e94-b81f-2ba2f27c6a3b/window/rect [39m[32m200[39m [90m22 ms - 49[39m
[35m[HTTP][39m [90m[39m
[35m[HTTP][39m [37m-->[39m [37mPOST[39m [37m/wd/hub/session/9d58a7df-92f9-4e94-b81f-2ba2f27c6a3b/elements[39m
[35m[HTTP][39m [90m{"using":"accessibility id","value":"LoginNextButton"}[39m
[35m[HTTP][39m [37m<-- POST /wd/hub/session/9d58a7df-92f9-4e94-b81f-2ba2f27c6a3b/elements [39m[32m200[39m [90m67 ms - 139[39m
[35m[HTTP][39m [90m[39m
[35m[HTTP][39m [37m-->[39m [37mGET[39m [37m/wd/hub/session/9d58a7df-92f9-4e94-b81f-2ba2f27c6a3b/element/00000000-0000-01cf-ffff-ffff00000053/location[39m
[35m[HTTP][39m [90m{}[39m
[35m[W3C (9d58a7df)][39m Driver proxy active, passing request on via HTTP proxy
[35m[WD Proxy][39m Replacing sessionId 3ac6eece-6c50-4dc0-8b87-8234c53ce007 with 9d58a7df-92f9-4e94-b81f-2ba2f27c6a3b
[35m[HTTP][39m [37m<-- GET /wd/hub/session/9d58a7df-92f9-4e94-b81f-2ba2f27c6a3b/element/00000000-0000-01cf-ffff-ffff00000053/location [39m[32m200[39m [90m37 ms - 77[39m
[35m[HTTP][39m [90m[39m
[35m[HTTP][39m [37m-->[39m [37mPOST[39m [37m/wd/hub/session/9d58a7df-92f9-4e94-b81f-2ba2f27c6a3b/element/00000000-0000-01cf-ffff-ffff00000053/click[39m
[35m[HTTP][39m [90m{"id":"00000000-0000-01cf-ffff-ffff00000053"}[39m
[35m[HTTP][39m [37m<-- POST /wd/hub/session/9d58a7df-92f9-4e94-b81f-2ba2f27c6a3b/element/00000000-0000-01cf-ffff-ffff00000053/click [39m[32m200[39m [90m88 ms - 14[39m
[35m[HTTP][39m [90m[39m
[35m[HTTP][39m [37m-->[39m [37mGET[39m [37m/wd/hub/session/9d58a7df-92f9-4e94-b81f-2ba2f27c6a3b/source[39m
[35m[HTTP][39m [90m{}[39m
[35m[W3C (9d58a7df)][39m Driver proxy active, passing request on via HTTP proxy
[35m[WD Proxy][39m Replacing sessionId 3ac6eece-6c50-4dc0-8b87-8234c53ce007 with 9d58a7df-92f9-4e94-b81f-2ba2f27c6a3b
[35m[HTTP][39m [37m<-- GET /wd/hub/session/9d58a7df-92f9-4e94-b81f-2ba2f27c6a3b/source [39m[32m200[39m [90m1377 ms - 15870[39m
[35m[HTTP][39m [90m[39m
[35m[HTTP][39m [37m-->[39m [37mGET[39m [37m/wd/hub/session/9d58a7df-92f9-4e94-b81f-2ba2f27c6a3b/screenshot[39m
[35m[HTTP][39m [90m{}[39m
[35m[HTTP][39m [37m<-- GET /wd/hub/session/9d58a7df-92f9-4e94-b81f-2ba2f27c6a3b/screenshot [39m[32m200[39m [90m608 ms - 104418[39m
[35m[HTTP][39m [90m[39m
[35m[HTTP][39m [37m-->[39m [37mPOST[39m [37m/wd/hub/session/9d58a7df-92f9-4e94-b81f-2ba2f27c6a3b/elements[39m
[35m[HTTP][39m [90m{"using":"xpath","value":"//*[@class = 'android.widget.EditText' and (@text = '' or . = '')]"}[39m
[35m[HTTP][39m [37m<-- POST /wd/hub/session/9d58a7df-92f9-4e94-b81f-2ba2f27c6a3b/elements [39m[32m200[39m [90m135 ms - 523[39m
[35m[HTTP][39m [90m[39m
[35m[HTTP][39m [37m-->[39m [37mPOST[39m [37m/wd/hub/session/9d58a7df-92f9-4e94-b81f-2ba2f27c6a3b/elements[39m
[35m[HTTP][39m [90m{"using":"accessibility id","value":"OtpTextInput1"}[39m
[35m[HTTP][39m [37m<-- POST /wd/hub/session/9d58a7df-92f9-4e94-b81f-2ba2f27c6a3b/elements [39m[32m200[39m [90m42 ms - 139[39m
[35m[HTTP][39m [90m[39m
[35m[HTTP][39m [37m-->[39m [37mGET[39m [37m/wd/hub/session/9d58a7df-92f9-4e94-b81f-2ba2f27c6a3b/window/rect[39m
[35m[HTTP][39m [90m{}[39m
[35m[HTTP][39m [37m<-- GET /wd/hub/session/9d58a7df-92f9-4e94-b81f-2ba2f27c6a3b/window/rect [39m[32m200[39m [90m45 ms - 49[39m
[35m[HTTP][39m [90m[39m
[35m[HTTP][39m [37m-->[39m [37mPOST[39m [37m/wd/hub/session/9d58a7df-92f9-4e94-b81f-2ba2f27c6a3b/elements[39m
[35m[HTTP][39m [90m{"using":"accessibility id","value":"OtpTextInput1"}[39m
[35m[HTTP][39m [37m<-- POST /wd/hub/session/9d58a7df-92f9-4e94-b81f-2ba2f27c6a3b/elements [39m[32m200[39m [90m53 ms - 139[39m
[35m[HTTP][39m [90m[39m
[35m[HTTP][39m [37m-->[39m [37mGET[39m [37m/wd/hub/session/9d58a7df-92f9-4e94-b81f-2ba2f27c6a3b/element/00000000-0000-01cf-ffff-ffff00000072/location[39m
[35m[HTTP][39m [90m{}[39m
[35m[W3C (9d58a7df)][39m Driver proxy active, passing request on via HTTP proxy
[35m[WD Proxy][39m Replacing sessionId 3ac6eece-6c50-4dc0-8b87-8234c53ce007 with 9d58a7df-92f9-4e94-b81f-2ba2f27c6a3b
[35m[HTTP][39m [37m<-- GET /wd/hub/session/9d58a7df-92f9-4e94-b81f-2ba2f27c6a3b/element/00000000-0000-01cf-ffff-ffff00000072/location [39m[32m200[39m [90m35 ms - 77[39m
[35m[HTTP][39m [90m[39m
[35m[HTTP][39m [37m-->[39m [37mPOST[39m [37m/wd/hub/session/9d58a7df-92f9-4e94-b81f-2ba2f27c6a3b/element/00000000-0000-01cf-ffff-ffff00000072/clear[39m
[35m[HTTP][39m [90m{"id":"00000000-0000-01cf-ffff-ffff00000072"}[39m
[35m[HTTP][39m [37m<-- POST /wd/hub/session/9d58a7df-92f9-4e94-b81f-2ba2f27c6a3b/element/00000000-0000-01cf-ffff-ffff00000072/clear [39m[32m200[39m [90m41 ms - 14[39m
[35m[HTTP][39m [90m[39m
[35m[HTTP][39m [37m-->[39m [37mPOST[39m [37m/wd/hub/session/9d58a7df-92f9-4e94-b81f-2ba2f27c6a3b/element/00000000-0000-01cf-ffff-ffff00000072/value[39m
[35m[HTTP][39m [90m{"id":"00000000-0000-01cf-ffff-ffff00000072","text":"1","value":["1"]}[39m
[35m[HTTP][39m [37m<-- POST /wd/hub/session/9d58a7df-92f9-4e94-b81f-2ba2f27c6a3b/element/00000000-0000-01cf-ffff-ffff00000072/value [39m[32m200[39m [90m678 ms - 14[39m
[35m[HTTP][39m [90m[39m
[35m[HTTP][39m [37m-->[39m [37mGET[39m [37m/wd/hub/session/9d58a7df-92f9-4e94-b81f-2ba2f27c6a3b/source[39m
[35m[HTTP][39m [90m{}[39m
[35m[W3C (9d58a7df)][39m Driver proxy active, passing request on via HTTP proxy
[35m[WD Proxy][39m Replacing sessionId 3ac6eece-6c50-4dc0-8b87-8234c53ce007 with 9d58a7df-92f9-4e94-b81f-2ba2f27c6a3b
[35m[HTTP][39m [37m<-- GET /wd/hub/session/9d58a7df-92f9-4e94-b81f-2ba2f27c6a3b/source [39m[32m200[39m [90m319 ms - 15871[39m
[35m[HTTP][39m [90m[39m
[35m[HTTP][39m [37m-->[39m [37mGET[39m [37m/wd/hub/session/9d58a7df-92f9-4e94-b81f-2ba2f27c6a3b/screenshot[39m
[35m[HTTP][39m [90m{}[39m
[35m[HTTP][39m [37m<-- GET /wd/hub/session/9d58a7df-92f9-4e94-b81f-2ba2f27c6a3b/screenshot [39m[32m200[39m [90m614 ms - 104500[39m
[35m[HTTP][39m [90m[39m
[35m[HTTP][39m [37m-->[39m [37mPOST[39m [37m/wd/hub/session/9d58a7df-92f9-4e94-b81f-2ba2f27c6a3b/elements[39m
[35m[HTTP][39m [90m{"using":"xpath","value":"//*[@class = 'android.widget.EditText' and (@text = '' or . = '')]"}[39m
[35m[HTTP][39m [37m<-- POST /wd/hub/session/9d58a7df-92f9-4e94-b81f-2ba2f27c6a3b/elements [39m[32m200[39m [90m162 ms - 523[39m
[35m[HTTP][39m [90m[39m
[35m[HTTP][39m [37m-->[39m [37mPOST[39m [37m/wd/hub/session/9d58a7df-92f9-4e94-b81f-2ba2f27c6a3b/elements[39m
[35m[HTTP][39m [90m{"using":"accessibility id","value":"OtpTextInput2"}[39m
[35m[HTTP][39m [37m<-- POST /wd/hub/session/9d58a7df-92f9-4e94-b81f-2ba2f27c6a3b/elements [39m[32m200[39m [90m39 ms - 139[39m
[35m[HTTP][39m [90m[39m
[35m[HTTP][39m [37m-->[39m [37mGET[39m [37m/wd/hub/session/9d58a7df-92f9-4e94-b81f-2ba2f27c6a3b/window/rect[39m
[35m[HTTP][39m [90m{}[39m
[35m[HTTP][39m [37m<-- GET /wd/hub/session/9d58a7df-92f9-4e94-b81f-2ba2f27c6a3b/window/rect [39m[32m200[39m [90m54 ms - 49[39m
[35m[HTTP][39m [90m[39m
[35m[HTTP][39m [37m-->[39m [37mPOST[39m [37m/wd/hub/session/9d58a7df-92f9-4e94-b81f-2ba2f27c6a3b/elements[39m
[35m[HTTP][39m [90m{"using":"accessibility id","value":"OtpTextInput2"}[39m
[35m[HTTP][39m [37m<-- POST /wd/hub/session/9d58a7df-92f9-4e94-b81f-2ba2f27c6a3b/elements [39m[32m200[39m [90m74 ms - 139[39m
[35m[HTTP][39m [90m[39m
[35m[HTTP][39m [37m-->[39m [37mGET[39m [37m/wd/hub/session/9d58a7df-92f9-4e94-b81f-2ba2f27c6a3b/element/00000000-0000-01cf-ffff-ffff00000074/location[39m
[35m[HTTP][39m [90m{}[39m
[35m[W3C (9d58a7df)][39m Driver proxy active, passing request on via HTTP proxy
[35m[WD Proxy][39m Replacing sessionId 3ac6eece-6c50-4dc0-8b87-8234c53ce007 with 9d58a7df-92f9-4e94-b81f-2ba2f27c6a3b
[35m[HTTP][39m [37m<-- GET /wd/hub/session/9d58a7df-92f9-4e94-b81f-2ba2f27c6a3b/element/00000000-0000-01cf-ffff-ffff00000074/location [39m[32m200[39m [90m48 ms - 78[39m
[35m[HTTP][39m [90m[39m
[35m[HTTP][39m [37m-->[39m [37mPOST[39m [37m/wd/hub/session/9d58a7df-92f9-4e94-b81f-2ba2f27c6a3b/element/00000000-0000-01cf-ffff-ffff00000074/clear[39m
[35m[HTTP][39m [90m{"id":"00000000-0000-01cf-ffff-ffff00000074"}[39m
[35m[HTTP][39m [37m<-- POST /wd/hub/session/9d58a7df-92f9-4e94-b81f-2ba2f27c6a3b/element/00000000-0000-01cf-ffff-ffff00000074/clear [39m[32m200[39m [90m69 ms - 14[39m
[35m[HTTP][39m [90m[39m
[35m[HTTP][39m [37m-->[39m [37mPOST[39m [37m/wd/hub/session/9d58a7df-92f9-4e94-b81f-2ba2f27c6a3b/element/00000000-0000-01cf-ffff-ffff00000074/value[39m
[35m[HTTP][39m [90m{"id":"00000000-0000-01cf-ffff-ffff00000074","text":"2","value":["2"]}[39m
[35m[HTTP][39m [37m<-- POST /wd/hub/session/9d58a7df-92f9-4e94-b81f-2ba2f27c6a3b/element/00000000-0000-01cf-ffff-ffff00000074/value [39m[32m200[39m [90m731 ms - 14[39m
[35m[HTTP][39m [90m[39m
[35m[HTTP][39m [37m-->[39m [37mGET[39m [37m/wd/hub/session/9d58a7df-92f9-4e94-b81f-2ba2f27c6a3b/source[39m
[35m[HTTP][39m [90m{}[39m
[35m[W3C (9d58a7df)][39m Driver proxy active, passing request on via HTTP proxy
[35m[WD Proxy][39m Replacing sessionId 3ac6eece-6c50-4dc0-8b87-8234c53ce007 with 9d58a7df-92f9-4e94-b81f-2ba2f27c6a3b
[35m[HTTP][39m [37m<-- GET /wd/hub/session/9d58a7df-92f9-4e94-b81f-2ba2f27c6a3b/source [39m[32m200[39m [90m289 ms - 15872[39m
[35m[HTTP][39m [90m[39m
[35m[HTTP][39m [37m-->[39m [37mGET[39m [37m/wd/hub/session/9d58a7df-92f9-4e94-b81f-2ba2f27c6a3b/screenshot[39m
[35m[HTTP][39m [90m{}[39m
[35m[HTTP][39m [37m<-- GET /wd/hub/session/9d58a7df-92f9-4e94-b81f-2ba2f27c6a3b/screenshot [39m[32m200[39m [90m557 ms - 106072[39m
[35m[HTTP][39m [90m[39m
[35m[HTTP][39m [37m-->[39m [37mPOST[39m [37m/wd/hub/session/9d58a7df-92f9-4e94-b81f-2ba2f27c6a3b/elements[39m
[35m[HTTP][39m [90m{"using":"xpath","value":"//*[@class = 'android.widget.EditText' and (@text = '' or . = '')]"}[39m
[35m[HTTP][39m [37m<-- POST /wd/hub/session/9d58a7df-92f9-4e94-b81f-2ba2f27c6a3b/elements [39m[32m200[39m [90m161 ms - 523[39m
[35m[HTTP][39m [90m[39m
[35m[HTTP][39m [37m-->[39m [37mPOST[39m [37m/wd/hub/session/9d58a7df-92f9-4e94-b81f-2ba2f27c6a3b/elements[39m
[35m[HTTP][39m [90m{"using":"accessibility id","value":"OtpTextInput3"}[39m
[35m[HTTP][39m [37m<-- POST /wd/hub/session/9d58a7df-92f9-4e94-b81f-2ba2f27c6a3b/elements [39m[32m200[39m [90m38 ms - 139[39m
[35m[HTTP][39m [90m[39m
[35m[HTTP][39m [37m-->[39m [37mGET[39m [37m/wd/hub/session/9d58a7df-92f9-4e94-b81f-2ba2f27c6a3b/window/rect[39m
[35m[HTTP][39m [90m{}[39m
[35m[HTTP][39m [37m<-- GET /wd/hub/session/9d58a7df-92f9-4e94-b81f-2ba2f27c6a3b/window/rect [39m[32m200[39m [90m32 ms - 49[39m
[35m[HTTP][39m [90m[39m
[35m[HTTP][39m [37m-->[39m [37mPOST[39m [37m/wd/hub/session/9d58a7df-92f9-4e94-b81f-2ba2f27c6a3b/elements[39m
[35m[HTTP][39m [90m{"using":"accessibility id","value":"OtpTextInput3"}[39m
[35m[HTTP][39m [37m<-- POST /wd/hub/session/9d58a7df-92f9-4e94-b81f-2ba2f27c6a3b/elements [39m[32m200[39m [90m234 ms - 139[39m
[35m[HTTP][39m [90m[39m
[35m[HTTP][39m [37m-->[39m [37mGET[39m [37m/wd/hub/session/9d58a7df-92f9-4e94-b81f-2ba2f27c6a3b/element/00000000-0000-01cf-ffff-ffff00000076/location[39m
[35m[HTTP][39m [90m{}[39m
[35m[W3C (9d58a7df)][39m Driver proxy active, passing request on via HTTP proxy
[35m[WD Proxy][39m Replacing sessionId 3ac6eece-6c50-4dc0-8b87-8234c53ce007 with 9d58a7df-92f9-4e94-b81f-2ba2f27c6a3b
[35m[HTTP][39m [37m<-- GET /wd/hub/session/9d58a7df-92f9-4e94-b81f-2ba2f27c6a3b/element/00000000-0000-01cf-ffff-ffff00000076/location [39m[32m200[39m [90m35 ms - 78[39m
[35m[HTTP][39m [90m[39m
[35m[HTTP][39m [37m-->[39m [37mPOST[39m [37m/wd/hub/session/9d58a7df-92f9-4e94-b81f-2ba2f27c6a3b/element/00000000-0000-01cf-ffff-ffff00000076/clear[39m
[35m[HTTP][39m [90m{"id":"00000000-0000-01cf-ffff-ffff00000076"}[39m
[35m[HTTP][39m [37m<-- POST /wd/hub/session/9d58a7df-92f9-4e94-b81f-2ba2f27c6a3b/element/00000000-0000-01cf-ffff-ffff00000076/clear [39m[32m200[39m [90m64 ms - 14[39m
[35m[HTTP][39m [90m[39m
[35m[HTTP][39m [37m-->[39m [37mPOST[39m [37m/wd/hub/session/9d58a7df-92f9-4e94-b81f-2ba2f27c6a3b/element/00000000-0000-01cf-ffff-ffff00000076/value[39m
[35m[HTTP][39m [90m{"id":"00000000-0000-01cf-ffff-ffff00000076","text":"3","value":["3"]}[39m
[35m[HTTP][39m [37m<-- POST /wd/hub/session/9d58a7df-92f9-4e94-b81f-2ba2f27c6a3b/element/00000000-0000-01cf-ffff-ffff00000076/value [39m[32m200[39m [90m996 ms - 14[39m
[35m[HTTP][39m [90m[39m
[35m[HTTP][39m [37m-->[39m [37mGET[39m [37m/wd/hub/session/9d58a7df-92f9-4e94-b81f-2ba2f27c6a3b/source[39m
[35m[HTTP][39m [90m{}[39m
[35m[W3C (9d58a7df)][39m Driver proxy active, passing request on via HTTP proxy
[35m[WD Proxy][39m Replacing sessionId 3ac6eece-6c50-4dc0-8b87-8234c53ce007 with 9d58a7df-92f9-4e94-b81f-2ba2f27c6a3b
[35m[HTTP][39m [37m<-- GET /wd/hub/session/9d58a7df-92f9-4e94-b81f-2ba2f27c6a3b/source [39m[32m200[39m [90m411 ms - 15873[39m
[35m[HTTP][39m [90m[39m
[35m[HTTP][39m [37m-->[39m [37mGET[39m [37m/wd/hub/session/9d58a7df-92f9-4e94-b81f-2ba2f27c6a3b/screenshot[39m
[35m[HTTP][39m [90m{}[39m
[35m[HTTP][39m [37m<-- GET /wd/hub/session/9d58a7df-92f9-4e94-b81f-2ba2f27c6a3b/screenshot [39m[32m200[39m [90m583 ms - 107896[39m
[35m[HTTP][39m [90m[39m
[35m[HTTP][39m [37m-->[39m [37mPOST[39m [37m/wd/hub/session/9d58a7df-92f9-4e94-b81f-2ba2f27c6a3b/elements[39m
[35m[HTTP][39m [90m{"using":"xpath","value":"//*[@class = 'android.widget.EditText' and (@text = '' or . = '')]"}[39m
[35m[HTTP][39m [37m<-- POST /wd/hub/session/9d58a7df-92f9-4e94-b81f-2ba2f27c6a3b/elements [39m[32m200[39m [90m142 ms - 523[39m
[35m[HTTP][39m [90m[39m
[35m[HTTP][39m [37m-->[39m [37mPOST[39m [37m/wd/hub/session/9d58a7df-92f9-4e94-b81f-2ba2f27c6a3b/elements[39m
[35m[HTTP][39m [90m{"using":"accessibility id","value":"OtpTextInput4"}[39m
[35m[HTTP][39m [37m<-- POST /wd/hub/session/9d58a7df-92f9-4e94-b81f-2ba2f27c6a3b/elements [39m[32m200[39m [90m49 ms - 139[39m
[35m[HTTP][39m [90m[39m
[35m[HTTP][39m [37m-->[39m [37mGET[39m [37m/wd/hub/session/9d58a7df-92f9-4e94-b81f-2ba2f27c6a3b/window/rect[39m
[35m[HTTP][39m [90m{}[39m
[35m[HTTP][39m [37m<-- GET /wd/hub/session/9d58a7df-92f9-4e94-b81f-2ba2f27c6a3b/window/rect [39m[32m200[39m [90m18 ms - 49[39m
[35m[HTTP][39m [90m[39m
[35m[HTTP][39m [37m-->[39m [37mPOST[39m [37m/wd/hub/session/9d58a7df-92f9-4e94-b81f-2ba2f27c6a3b/elements[39m
[35m[HTTP][39m [90m{"using":"accessibility id","value":"OtpTextInput4"}[39m
[35m[HTTP][39m [37m<-- POST /wd/hub/session/9d58a7df-92f9-4e94-b81f-2ba2f27c6a3b/elements [39m[32m200[39m [90m72 ms - 139[39m
[35m[HTTP][39m [90m[39m
[35m[HTTP][39m [37m-->[39m [37mGET[39m [37m/wd/hub/session/9d58a7df-92f9-4e94-b81f-2ba2f27c6a3b/element/00000000-0000-01cf-ffff-ffff00000078/location[39m
[35m[HTTP][39m [90m{}[39m
[35m[W3C (9d58a7df)][39m Driver proxy active, passing request on via HTTP proxy
[35m[WD Proxy][39m Replacing sessionId 3ac6eece-6c50-4dc0-8b87-8234c53ce007 with 9d58a7df-92f9-4e94-b81f-2ba2f27c6a3b
[35m[HTTP][39m [37m<-- GET /wd/hub/session/9d58a7df-92f9-4e94-b81f-2ba2f27c6a3b/element/00000000-0000-01cf-ffff-ffff00000078/location [39m[32m200[39m [90m40 ms - 78[39m
[35m[HTTP][39m [90m[39m
[35m[HTTP][39m [37m-->[39m [37mPOST[39m [37m/wd/hub/session/9d58a7df-92f9-4e94-b81f-2ba2f27c6a3b/element/00000000-0000-01cf-ffff-ffff00000078/click[39m
[35m[HTTP][39m [90m{"id":"00000000-0000-01cf-ffff-ffff00000078"}[39m
[35m[HTTP][39m [37m<-- POST /wd/hub/session/9d58a7df-92f9-4e94-b81f-2ba2f27c6a3b/element/00000000-0000-01cf-ffff-ffff00000078/click [39m[32m200[39m [90m91 ms - 14[39m
[35m[HTTP][39m [90m[39m
[35m[HTTP][39m [37m-->[39m [37mGET[39m [37m/wd/hub/session/9d58a7df-92f9-4e94-b81f-2ba2f27c6a3b/source[39m
[35m[HTTP][39m [90m{}[39m
[35m[W3C (9d58a7df)][39m Driver proxy active, passing request on via HTTP proxy
[35m[WD Proxy][39m Replacing sessionId 3ac6eece-6c50-4dc0-8b87-8234c53ce007 with 9d58a7df-92f9-4e94-b81f-2ba2f27c6a3b
[35m[HTTP][39m [37m<-- GET /wd/hub/session/9d58a7df-92f9-4e94-b81f-2ba2f27c6a3b/source [39m[32m200[39m [90m159 ms - 15873[39m
[35m[HTTP][39m [90m[39m
[35m[HTTP][39m [37m-->[39m [37mGET[39m [37m/wd/hub/session/9d58a7df-92f9-4e94-b81f-2ba2f27c6a3b/screenshot[39m
[35m[HTTP][39m [90m{}[39m
[35m[HTTP][39m [37m<-- GET /wd/hub/session/9d58a7df-92f9-4e94-b81f-2ba2f27c6a3b/screenshot [39m[32m200[39m [90m570 ms - 108190[39m
[35m[HTTP][39m [90m[39m
[35m[HTTP][39m [37m-->[39m [37mPOST[39m [37m/wd/hub/session/9d58a7df-92f9-4e94-b81f-2ba2f27c6a3b/elements[39m
[35m[HTTP][39m [90m{"using":"xpath","value":"//*[@class = 'android.widget.EditText' and (@text = '' or . = '')]"}[39m
[35m[HTTP][39m [37m<-- POST /wd/hub/session/9d58a7df-92f9-4e94-b81f-2ba2f27c6a3b/elements [39m[32m200[39m [90m163 ms - 523[39m
[35m[HTTP][39m [90m[39m
[35m[HTTP][39m [37m-->[39m [37mPOST[39m [37m/wd/hub/session/9d58a7df-92f9-4e94-b81f-2ba2f27c6a3b/elements[39m
[35m[HTTP][39m [90m{"using":"accessibility id","value":"OtpTextInput4"}[39m
[35m[HTTP][39m [37m<-- POST /wd/hub/session/9d58a7df-92f9-4e94-b81f-2ba2f27c6a3b/elements [39m[32m200[39m [90m33 ms - 139[39m
[35m[HTTP][39m [90m[39m
[35m[HTTP][39m [37m-->[39m [37mGET[39m [37m/wd/hub/session/9d58a7df-92f9-4e94-b81f-2ba2f27c6a3b/window/rect[39m
[35m[HTTP][39m [90m{}[39m
[35m[HTTP][39m [37m<-- GET /wd/hub/session/9d58a7df-92f9-4e94-b81f-2ba2f27c6a3b/window/rect [39m[32m200[39m [90m56 ms - 49[39m
[35m[HTTP][39m [90m[39m
[35m[HTTP][39m [37m-->[39m [37mPOST[39m [37m/wd/hub/session/9d58a7df-92f9-4e94-b81f-2ba2f27c6a3b/elements[39m
[35m[HTTP][39m [90m{"using":"accessibility id","value":"OtpTextInput4"}[39m
[35m[HTTP][39m [37m<-- POST /wd/hub/session/9d58a7df-92f9-4e94-b81f-2ba2f27c6a3b/elements [39m[32m200[39m [90m47 ms - 139[39m
[35m[HTTP][39m [90m[39m
[35m[HTTP][39m [37m-->[39m [37mGET[39m [37m/wd/hub/session/9d58a7df-92f9-4e94-b81f-2ba2f27c6a3b/element/00000000-0000-01cf-ffff-ffff00000078/location[39m
[35m[HTTP][39m [90m{}[39m
[35m[W3C (9d58a7df)][39m Driver proxy active, passing request on via HTTP proxy
[35m[WD Proxy][39m Replacing sessionId 3ac6eece-6c50-4dc0-8b87-8234c53ce007 with 9d58a7df-92f9-4e94-b81f-2ba2f27c6a3b
[35m[HTTP][39m [37m<-- GET /wd/hub/session/9d58a7df-92f9-4e94-b81f-2ba2f27c6a3b/element/00000000-0000-01cf-ffff-ffff00000078/location [39m[32m200[39m [90m31 ms - 78[39m
[35m[HTTP][39m [90m[39m
[35m[HTTP][39m [37m-->[39m [37mPOST[39m [37m/wd/hub/session/9d58a7df-92f9-4e94-b81f-2ba2f27c6a3b/element/00000000-0000-01cf-ffff-ffff00000078/clear[39m
[35m[HTTP][39m [90m{"id":"00000000-0000-01cf-ffff-ffff00000078"}[39m
[35m[HTTP][39m [37m<-- POST /wd/hub/session/9d58a7df-92f9-4e94-b81f-2ba2f27c6a3b/element/00000000-0000-01cf-ffff-ffff00000078/clear [39m[32m200[39m [90m47 ms - 14[39m
[35m[HTTP][39m [90m[39m
[35m[HTTP][39m [37m-->[39m [37mPOST[39m [37m/wd/hub/session/9d58a7df-92f9-4e94-b81f-2ba2f27c6a3b/element/00000000-0000-01cf-ffff-ffff00000078/value[39m
[35m[HTTP][39m [90m{"id":"00000000-0000-01cf-ffff-ffff00000078","text":"4","value":["4"]}[39m
[35m[HTTP][39m [37m<-- POST /wd/hub/session/9d58a7df-92f9-4e94-b81f-2ba2f27c6a3b/element/00000000-0000-01cf-ffff-ffff00000078/value [39m[32m200[39m [90m683 ms - 14[39m
[35m[HTTP][39m [90m[39m
[35m[HTTP][39m [37m-->[39m [37mGET[39m [37m/wd/hub/session/9d58a7df-92f9-4e94-b81f-2ba2f27c6a3b/source[39m
[35m[HTTP][39m [90m{}[39m
[35m[W3C (9d58a7df)][39m Driver proxy active, passing request on via HTTP proxy
[35m[WD Proxy][39m Replacing sessionId 3ac6eece-6c50-4dc0-8b87-8234c53ce007 with 9d58a7df-92f9-4e94-b81f-2ba2f27c6a3b
[35m[HTTP][39m [37m<-- GET /wd/hub/session/9d58a7df-92f9-4e94-b81f-2ba2f27c6a3b/source [39m[32m200[39m [90m599 ms - 17164[39m
[35m[HTTP][39m [90m[39m
[35m[HTTP][39m [37m-->[39m [37mGET[39m [37m/wd/hub/session/9d58a7df-92f9-4e94-b81f-2ba2f27c6a3b/screenshot[39m
[35m[HTTP][39m [90m{}[39m
[35m[HTTP][39m [37m<-- GET /wd/hub/session/9d58a7df-92f9-4e94-b81f-2ba2f27c6a3b/screenshot [39m[32m200[39m [90m562 ms - 79696[39m
[35m[HTTP][39m [90m[39m
[35m[HTTP][39m [37m-->[39m [37mGET[39m [37m/wd/hub/session/9d58a7df-92f9-4e94-b81f-2ba2f27c6a3b/context[39m
[35m[HTTP][39m [90m{}[39m
[35m[HTTP][39m [37m<-- GET /wd/hub/session/9d58a7df-92f9-4e94-b81f-2ba2f27c6a3b/context [39m[32m200[39m [90m1 ms - 22[39m
[35m[HTTP][39m [90m[39m
[35m[HTTP][39m [37m-->[39m [37mGET[39m [37m/wd/hub/session/9d58a7df-92f9-4e94-b81f-2ba2f27c6a3b/contexts[39m
[35m[HTTP][39m [90m{}[39m
[35m[HTTP][39m [37m<-- GET /wd/hub/session/9d58a7df-92f9-4e94-b81f-2ba2f27c6a3b/contexts [39m[32m200[39m [90m98 ms - 24[39m
[35m[HTTP][39m [90m[39m
[35m[HTTP][39m [37m-->[39m [37mPOST[39m [37m/wd/hub/session/9d58a7df-92f9-4e94-b81f-2ba2f27c6a3b/context[39m
[35m[HTTP][39m [90m{"name":"NATIVE_APP"}[39m
[35m[HTTP][39m [37m<-- POST /wd/hub/session/9d58a7df-92f9-4e94-b81f-2ba2f27c6a3b/context [39m[32m200[39m [90m0 ms - 14[39m
[35m[HTTP][39m [90m[39m
[35m[HTTP][39m [37m-->[39m [37mPOST[39m [37m/wd/hub/session/9d58a7df-92f9-4e94-b81f-2ba2f27c6a3b/appium/device/press_keycode[39m
[35m[HTTP][39m [90m{"keycode":4}[39m
[35m[HTTP][39m [37m<-- POST /wd/hub/session/9d58a7df-92f9-4e94-b81f-2ba2f27c6a3b/appium/device/press_keycode [39m[32m200[39m [90m268 ms - 14[39m
[35m[HTTP][39m [90m[39m
[35m[HTTP][39m [37m-->[39m [37mPOST[39m [37m/wd/hub/session/9d58a7df-92f9-4e94-b81f-2ba2f27c6a3b/context[39m
[35m[HTTP][39m [90m{"name":"NATIVE_APP"}[39m
[35m[HTTP][39m [37m<-- POST /wd/hub/session/9d58a7df-92f9-4e94-b81f-2ba2f27c6a3b/context [39m[32m200[39m [90m1 ms - 14[39m
[35m[HTTP][39m [90m[39m
[35m[HTTP][39m [37m-->[39m [37mGET[39m [37m/wd/hub/session/9d58a7df-92f9-4e94-b81f-2ba2f27c6a3b/source[39m
[35m[HTTP][39m [90m{}[39m
[35m[W3C (9d58a7df)][39m Driver proxy active, passing request on via HTTP proxy
[35m[WD Proxy][39m Replacing sessionId 3ac6eece-6c50-4dc0-8b87-8234c53ce007 with 9d58a7df-92f9-4e94-b81f-2ba2f27c6a3b
[35m[HTTP][39m [37m<-- GET /wd/hub/session/9d58a7df-92f9-4e94-b81f-2ba2f27c6a3b/source [39m[32m200[39m [90m668 ms - 14621[39m
[35m[HTTP][39m [90m[39m
[35m[HTTP][39m [37m-->[39m [37mGET[39m [37m/wd/hub/session/9d58a7df-92f9-4e94-b81f-2ba2f27c6a3b/screenshot[39m
[35m[HTTP][39m [90m{}[39m
[35m[HTTP][39m [37m<-- GET /wd/hub/session/9d58a7df-92f9-4e94-b81f-2ba2f27c6a3b/screenshot [39m[32m200[39m [90m525 ms - 77246[39m
[35m[HTTP][39m [90m[39m
[35m[HTTP][39m [37m-->[39m [37mDELETE[39m [37m/wd/hub/session/9d58a7df-92f9-4e94-b81f-2ba2f27c6a3b[39m
[35m[HTTP][39m [90m{}[39m
[35m[Appium][39m Removing session 9d58a7df-92f9-4e94-b81f-2ba2f27c6a3b from our master session list
[35m[UiAutomator2][39m Restoring hidden api policy to the device default configuration
[35m[HTTP][39m [37m<-- DELETE /wd/hub/session/9d58a7df-92f9-4e94-b81f-2ba2f27c6a3b [39m[32m200[39m [90m548 ms - 14[39m
[35m[HTTP][39m [90m[39m
